<?xml version="1.0" encoding="UTF-8"?>
<testsuite name="kr.co.member.service.DefaultLoginFinderTest" tests="1" skipped="0" failures="0" errors="0" timestamp="2022-08-02T06:18:53" hostname="kshui-MacBookPro.local" time="0.996">
  <properties/>
  <testcase name="findByLoginType()" classname="kr.co.member.service.DefaultLoginFinderTest" time="0.996"/>
  <system-out><![CDATA[]]></system-out>
  <system-err><![CDATA[]]></system-err>
</testsuite>
